\BOOKMARK [1][-]{Doc-Start}{List of Figures}{}% 1
\BOOKMARK [1][-]{Doc-Start}{List of Tables}{}% 2
\BOOKMARK [1][-]{section.1}{Question 1}{}% 3
\BOOKMARK [2][-]{subsection.1.1}{Question 1 a, b}{section.1}% 4
\BOOKMARK [2][-]{subsection.1.2}{Question 1 c}{section.1}% 5
\BOOKMARK [2][-]{subsection.1.3}{Question 1 d}{section.1}% 6
\BOOKMARK [2][-]{subsection.1.4}{Question 1 e}{section.1}% 7
\BOOKMARK [2][-]{subsection.1.5}{Question 1 f}{section.1}% 8
\BOOKMARK [1][-]{section.2}{Question 2}{}% 9
\BOOKMARK [2][-]{subsection.2.1}{Question 2 a, b, c}{section.2}% 10
\BOOKMARK [2][-]{subsection.2.2}{Question 2 d}{section.2}% 11
\BOOKMARK [2][-]{subsection.2.3}{Question 2 e}{section.2}% 12
\BOOKMARK [1][-]{section.3}{Question 3}{}% 13
\BOOKMARK [2][-]{subsection.3.1}{Question 3 a}{section.3}% 14
\BOOKMARK [2][-]{subsection.3.2}{Question 3 b}{section.3}% 15
\BOOKMARK [2][-]{subsection.3.3}{Question 3 c}{section.3}% 16
\BOOKMARK [1][-]{section.4}{Question 4}{}% 17
\BOOKMARK [2][-]{subsection.4.1}{Question 4 a}{section.4}% 18
\BOOKMARK [2][-]{subsection.4.2}{Question 4 b}{section.4}% 19
\BOOKMARK [2][-]{subsection.4.3}{Question 4 c}{section.4}% 20
\BOOKMARK [1][-]{section*.1}{Appendices}{}% 21
\BOOKMARK [1][-]{Appendix.a.A}{Appendix Code}{}% 22
\BOOKMARK [2][-]{subsection.a.A.1}{Question 1}{Appendix.a.A}% 23
\BOOKMARK [3][-]{subsubsection.a.A.1.1}{Read XML Function}{subsection.a.A.1}% 24
\BOOKMARK [3][-]{subsubsection.a.A.1.2}{Read All Files}{subsection.a.A.1}% 25
\BOOKMARK [3][-]{subsubsection.a.A.1.3}{Categorize}{subsection.a.A.1}% 26
\BOOKMARK [3][-]{subsubsection.a.A.1.4}{Calculate Durations}{subsection.a.A.1}% 27
\BOOKMARK [3][-]{subsubsection.a.A.1.5}{Generate Output Variables}{subsection.a.A.1}% 28
\BOOKMARK [3][-]{subsubsection.a.A.1.6}{Count Transactions per Category}{subsection.a.A.1}% 29
\BOOKMARK [2][-]{subsection.a.A.2}{Question 2}{Appendix.a.A}% 30
\BOOKMARK [3][-]{subsubsection.a.A.2.1}{Fractions of Requests for Additional Documents}{subsection.a.A.2}% 31
\BOOKMARK [3][-]{subsubsection.a.A.2.2}{Generate Output Variables From Accumulated Document Request Fractions}{subsection.a.A.2}% 32
\BOOKMARK [2][-]{subsection.a.A.3}{Question 4}{Appendix.a.A}% 33
\BOOKMARK [3][-]{subsubsection.a.A.3.1}{Predict Values with Varying Thresholds}{subsection.a.A.3}% 34
